*** 定数 ***

*** BSSセグメント ***

*** ヘッダ ***
magic = 0107
text  = 0006
data  = 0000
bss   = 0000
syms  = 000c
entry = 0000
trsize= 0004
drsize= 0000

*** TEXTセグメント ***
0000          	__rmDir
0000 0d07     	        ld      g0,#7           ; G0 にシステムコール番号を格納
0002 a0f0 0000	        jmp     _l1

*** DATAセグメント ***

*** 再配置表 ***
TR領域
Addr	Name	Type	No.
0004	_l1	UNDF	  2

DR領域
Addr	Name	Type	No.

*** 名前表 ***
No.	Name	Type	Value	Offset
0	@__rmDir.s	TEXT	0000	0000
1	__rmDir	TEXT	0000	000b
2	_l1	UNDF	0000	0013

*** 文字列表 ***
Offset	String
0000	@__rmDir.s
000b	__rmDir
0013	_l1
