*** 定数 ***

*** BSSセグメント ***

*** ヘッダ ***
magic = 0107
text  = 0008
data  = 0000
bss   = 0000
syms  = 000c
entry = 0000
trsize= 0004
drsize= 0000

*** TEXTセグメント ***
0000          	_ttyCtl
0000 0a00 0010	        ld      g0,#16          ; G0 にシステムコール番号を格納
0004 a0f0 0000	        jmp     _l2

*** DATAセグメント ***

*** 再配置表 ***
TR領域
Addr	Name	Type	No.
0006	_l2	UNDF	  2

DR領域
Addr	Name	Type	No.

*** 名前表 ***
No.	Name	Type	Value	Offset
0	@_ttyCtl.s	TEXT	0000	0000
1	_ttyCtl	TEXT	0000	000b
2	_l2	UNDF	0000	0013

*** 文字列表 ***
Offset	String
0000	@_ttyCtl.s
000b	_ttyCtl
0013	_l2
