*** 定数 ***

*** BSSセグメント ***

*** ヘッダ ***
magic = 0107
text  = 0008
data  = 0000
bss   = 0000
syms  = 000c
entry = 0000
trsize= 0004
drsize= 0000

*** TEXTセグメント ***
0000          	_ttyRead
0000 0a00 000e	        ld      g0,#14          ; G0 にシステムコール番号を格納
0004 a0f0 0000	        jmp     _l2

*** DATAセグメント ***

*** 再配置表 ***
TR領域
Addr	Name	Type	No.
0006	_l2	UNDF	  2

DR領域
Addr	Name	Type	No.

*** 名前表 ***
No.	Name	Type	Value	Offset
0	@_ttyRead.s	TEXT	0000	0000
1	_ttyRead	TEXT	0000	000c
2	_l2	UNDF	0000	0015

*** 文字列表 ***
Offset	String
0000	@_ttyRead.s
000c	_ttyRead
0015	_l2
