*** 定数 ***

*** BSSセグメント ***

*** ヘッダ ***
magic = 0107
text  = 0008
data  = 0000
bss   = 0000
syms  = 000c
entry = 0000
trsize= 0004
drsize= 0000

*** TEXTセグメント ***
0000          	_write
0000 0a00 000b	        ld      g0,#11          ; G0 にシステムコール番号を格納
0004 a0f0 0000	        jmp     _l3

*** DATAセグメント ***

*** 再配置表 ***
TR領域
Addr	Name	Type	No.
0006	_l3	UNDF	  2

DR領域
Addr	Name	Type	No.

*** 名前表 ***
No.	Name	Type	Value	Offset
0	@_write.s	TEXT	0000	0000
1	_write	TEXT	0000	000a
2	_l3	UNDF	0000	0011

*** 文字列表 ***
Offset	String
0000	@_write.s
000a	_write
0011	_l3
