*** 定数 ***

*** BSSセグメント ***

*** ヘッダ ***
magic = 0107
text  = 0006
data  = 0000
bss   = 0000
syms  = 0008
entry = 0000
trsize= 0000
drsize= 0000

*** TEXTセグメント ***
0000          	__args                          ; void[] _args();
0000 0c0c     	        ld      g0,fp
0002 1d04     	        add     g0,#4
0004 d000     	        ret

*** DATAセグメント ***

*** 再配置表 ***
TR領域
Addr	Name	Type	No.

DR領域
Addr	Name	Type	No.

*** 名前表 ***
No.	Name	Type	Value	Offset
0	@__args.s	TEXT	0000	0000
1	__args	TEXT	0000	000a

*** 文字列表 ***
Offset	String
0000	@__args.s
000a	__args
