*** 定数 ***

*** BSSセグメント ***

*** ヘッダ ***
magic = 0107
text  = 0008
data  = 0000
bss   = 0000
syms  = 0008
entry = 0000
trsize= 0000
drsize= 0000

*** TEXTセグメント ***
0000          	__in                            ; int in(int p);
0000 091d 0002	        ld      g1,2,sp	        ; ポートアドレス
0004 b601     	        in      g0,g1	        ; I/O ポートから入力する
0006 d000     	        ret

*** DATAセグメント ***

*** 再配置表 ***
TR領域
Addr	Name	Type	No.

DR領域
Addr	Name	Type	No.

*** 名前表 ***
No.	Name	Type	Value	Offset
0	@__in.s	TEXT	0000	0000
1	__in	TEXT	0000	0008

*** 文字列表 ***
Offset	String
0000	@__in.s
0008	__in
