*** 定数 ***

*** BSSセグメント ***

*** ヘッダ ***
magic = 0107
text  = 001a
data  = 0000
bss   = 0000
syms  = 0014
entry = 0000
trsize= 000c
drsize= 0000

*** TEXTセグメント ***
0000          	__stkChk
0000 0800 0000	        ld      g0,__alcAddr    ; G0 にヒープ領域の最後をロード
0004 1a00 000a	        add     g0,#10          ; 10Byte 分の余裕を持たせる
0008 2c0d     	        cmp     g0,sp           ; G0 と G1 を比較 [ヒープの最後+10Byte] - [SP]
000a a090 0010	        jnc     .stkOverFlow    ; ユーザスタックがオーバーフローしている
000e d000     	        ret
0010          	.stkOverFlow
0010 0a00 ffe7	        ld      g0,#-25         ; パラメータ(EUSTK)
0014 c000     	        push    g0              ;   をスタックに積む
0016 a800 0000	        call    __exit          ; exit を呼ぶ

*** DATAセグメント ***

*** 再配置表 ***
TR領域
Addr	Name	Type	No.
0002	__alcAddr	UNDF	  2
000c	.stkOverFlow	TEXT	  3
0018	__exit	UNDF	  4

DR領域
Addr	Name	Type	No.

*** 名前表 ***
No.	Name	Type	Value	Offset
0	@__stkChk.s	TEXT	0000	0000
1	__stkChk	TEXT	0000	000c
2	__alcAddr	UNDF	0000	0015
3	.stkOverFlow	TEXT	0010	001f
4	__exit	UNDF	0000	002c

*** 文字列表 ***
Offset	String
0000	@__stkChk.s
000c	__stkChk
0015	__alcAddr
001f	.stkOverFlow
002c	__exit
