*** 定数 ***

*** BSSセグメント ***

*** ヘッダ ***
magic = 0107
text  = 0006
data  = 0000
bss   = 0000
syms  = 0010
entry = 0000
trsize= 0000
drsize= 0000

*** TEXTセグメント ***
0000          	__aToI                          ; int _aToI(void[] a);
0000          	__iToA                          ; void[] _iToA(int a);
0000          	__aToA                          ; void[] _aToA(void[] a);
0000 090d 0002	        ld      g0,2,sp
0004 d000     	        ret

*** DATAセグメント ***

*** 再配置表 ***
TR領域
Addr	Name	Type	No.

DR領域
Addr	Name	Type	No.

*** 名前表 ***
No.	Name	Type	Value	Offset
0	@__to.s	TEXT	0000	0000
1	__aToI	TEXT	0000	0008
2	__iToA	TEXT	0000	000f
3	__aToA	TEXT	0000	0016

*** 文字列表 ***
Offset	String
0000	@__to.s
0008	__aToI
000f	__iToA
0016	__aToA
